<?xml version="1.0" encoding="UTF-8"?>
<coverage generated="1714161216459" clover="3.2.0">
  <project timestamp="1714161216459" name="All files">
    <metrics statements="80" coveredstatements="75" conditionals="29" coveredconditionals="21" methods="30" coveredmethods="21" elements="139" coveredelements="117" complexity="0" loc="80" ncloc="80" packages="4" files="7" classes="7"/>
    <package name="components.Filter">
      <metrics statements="11" coveredstatements="9" conditionals="0" coveredconditionals="0" methods="6" coveredmethods="4"/>
      <file name="BrandCheckboxes.tsx" path="C:\Users\stami\Documents\Job Stuff and Misc\lt-products-for-sale\src\components\Filter\BrandCheckboxes.tsx">
        <metrics statements="6" coveredstatements="5" conditionals="0" coveredconditionals="0" methods="3" coveredmethods="2"/>
        <line num="6" count="1" type="stmt"/>
        <line num="7" count="2" type="stmt"/>
        <line num="8" count="2" type="stmt"/>
        <line num="10" count="2" type="stmt"/>
        <line num="15" count="2" type="stmt"/>
        <line num="18" count="0" type="stmt"/>
      </file>
      <file name="index.tsx" path="C:\Users\stami\Documents\Job Stuff and Misc\lt-products-for-sale\src\components\Filter\index.tsx">
        <metrics statements="5" coveredstatements="4" conditionals="0" coveredconditionals="0" methods="3" coveredmethods="2"/>
        <line num="6" count="1" type="stmt"/>
        <line num="7" count="2" type="stmt"/>
        <line num="9" count="2" type="stmt"/>
        <line num="22" count="0" type="stmt"/>
        <line num="25" count="1" type="stmt"/>
      </file>
    </package>
    <package name="components.Header">
      <metrics statements="4" coveredstatements="4" conditionals="0" coveredconditionals="0" methods="3" coveredmethods="2"/>
      <file name="index.tsx" path="C:\Users\stami\Documents\Job Stuff and Misc\lt-products-for-sale\src\components\Header\index.tsx">
        <metrics statements="4" coveredstatements="4" conditionals="0" coveredconditionals="0" methods="3" coveredmethods="2"/>
        <line num="6" count="1" type="stmt"/>
        <line num="7" count="1" type="stmt"/>
        <line num="9" count="1" type="stmt"/>
        <line num="23" count="2" type="stmt"/>
      </file>
    </package>
    <package name="components.ProductsPane">
      <metrics statements="7" coveredstatements="7" conditionals="8" coveredconditionals="7" methods="3" coveredmethods="3"/>
      <file name="ProductCard.tsx" path="C:\Users\stami\Documents\Job Stuff and Misc\lt-products-for-sale\src\components\ProductsPane\ProductCard.tsx">
        <metrics statements="2" coveredstatements="2" conditionals="0" coveredconditionals="0" methods="1" coveredmethods="1"/>
        <line num="9" count="1" type="stmt"/>
        <line num="10" count="2" type="stmt"/>
      </file>
      <file name="index.tsx" path="C:\Users\stami\Documents\Job Stuff and Misc\lt-products-for-sale\src\components\ProductsPane\index.tsx">
        <metrics statements="5" coveredstatements="5" conditionals="8" coveredconditionals="7" methods="2" coveredmethods="2"/>
        <line num="7" count="1" type="stmt"/>
        <line num="8" count="2" type="stmt"/>
        <line num="9" count="2" type="stmt"/>
        <line num="11" count="2" type="stmt"/>
        <line num="31" count="2" type="stmt"/>
      </file>
    </package>
    <package name="model.Products">
      <metrics statements="58" coveredstatements="55" conditionals="21" coveredconditionals="14" methods="18" coveredmethods="12"/>
      <file name="index.ts" path="C:\Users\stami\Documents\Job Stuff and Misc\lt-products-for-sale\src\model\Products\index.ts">
        <metrics statements="18" coveredstatements="18" conditionals="2" coveredconditionals="1" methods="0" coveredmethods="0"/>
        <line num="8" count="4" type="stmt"/>
        <line num="9" count="4" type="stmt"/>
        <line num="11" count="4" type="stmt"/>
        <line num="12" count="4" type="stmt"/>
        <line num="13" count="4" type="stmt"/>
        <line num="14" count="4" type="stmt"/>
        <line num="15" count="4" type="stmt"/>
        <line num="16" count="4" type="stmt"/>
        <line num="17" count="4" type="stmt"/>
        <line num="19" count="4" type="stmt"/>
        <line num="20" count="4" type="stmt"/>
        <line num="21" count="4" type="stmt"/>
        <line num="22" count="4" type="stmt"/>
        <line num="24" count="4" type="stmt"/>
        <line num="25" count="4" type="stmt"/>
        <line num="26" count="4" type="stmt"/>
        <line num="27" count="4" type="stmt"/>
        <line num="29" count="4" type="cond" truecount="1" falsecount="1"/>
      </file>
      <file name="init.ts" path="C:\Users\stami\Documents\Job Stuff and Misc\lt-products-for-sale\src\model\Products\init.ts">
        <metrics statements="40" coveredstatements="37" conditionals="19" coveredconditionals="13" methods="18" coveredmethods="12"/>
        <line num="27" count="1" type="stmt"/>
        <line num="28" count="1" type="stmt"/>
        <line num="29" count="1" type="stmt"/>
        <line num="30" count="2" type="cond" truecount="1" falsecount="1"/>
        <line num="32" count="1" type="stmt"/>
        <line num="33" count="0" type="cond" truecount="0" falsecount="3"/>
        <line num="36" count="2" type="stmt"/>
        <line num="37" count="5" type="stmt"/>
        <line num="38" count="1" type="stmt"/>
        <line num="39" count="2" type="stmt"/>
        <line num="41" count="2" type="cond" truecount="2" falsecount="0"/>
        <line num="42" count="1" type="stmt"/>
        <line num="43" count="2" type="stmt"/>
        <line num="44" count="2" type="cond" truecount="2" falsecount="0"/>
        <line num="45" count="1" type="stmt"/>
        <line num="48" count="2" type="stmt"/>
        <line num="50" count="1" type="stmt"/>
        <line num="51" count="5" type="stmt"/>
        <line num="53" count="5" type="cond" truecount="2" falsecount="0"/>
        <line num="54" count="3" type="stmt"/>
        <line num="55" count="6" type="cond" truecount="2" falsecount="0"/>
        <line num="56" count="3" type="stmt"/>
        <line num="60" count="5" type="stmt"/>
        <line num="63" count="1" type="stmt"/>
        <line num="64" count="5" type="stmt"/>
        <line num="66" count="5" type="cond" truecount="2" falsecount="0"/>
        <line num="67" count="3" type="stmt"/>
        <line num="68" count="6" type="cond" truecount="2" falsecount="0"/>
        <line num="69" count="3" type="stmt"/>
        <line num="73" count="5" type="stmt"/>
        <line num="75" count="1" type="stmt"/>
        <line num="76" count="0" type="cond" truecount="0" falsecount="2"/>
        <line num="78" count="1" type="stmt"/>
        <line num="79" count="1" type="stmt"/>
        <line num="81" count="1" type="stmt"/>
        <line num="86" count="1" type="stmt"/>
        <line num="92" count="1" type="stmt"/>
        <line num="95" count="1" type="stmt"/>
        <line num="102" count="1" type="stmt"/>
        <line num="105" count="0" type="stmt"/>
      </file>
    </package>
  </project>
</coverage>
