{"C:\\Users\\stami\\Documents\\Job Stuff and Misc\\lt-products-for-sale\\src\\components\\Filter\\BrandCheckboxes.tsx": {"path":"C:\\Users\\stami\\Documents\\Job Stuff and Misc\\lt-products-for-sale\\src\\components\\Filter\\BrandCheckboxes.tsx","statementMap":{"0":{"start":{"line":6,"column":24},"end":{"line":26,"column":1}},"1":{"start":{"line":7,"column":17},"end":{"line":7,"column":33}},"2":{"start":{"line":8,"column":25},"end":{"line":8,"column":49}},"3":{"start":{"line":10,"column":2},"end":{"line":25,"column":4}},"4":{"start":{"line":15,"column":10},"end":{"line":21,"column":12}},"5":{"start":{"line":18,"column":128},"end":{"line":18,"column":147}}},"fnMap":{"0":{"name":"(anonymous_0)","decl":{"start":{"line":6,"column":24},"end":{"line":6,"column":25}},"loc":{"start":{"line":6,"column":30},"end":{"line":26,"column":1}},"line":6},"1":{"name":"(anonymous_1)","decl":{"start":{"line":14,"column":20},"end":{"line":14,"column":21}},"loc":{"start":{"line":15,"column":10},"end":{"line":21,"column":12}},"line":15},"2":{"name":"(anonymous_2)","decl":{"start":{"line":18,"column":122},"end":{"line":18,"column":123}},"loc":{"start":{"line":18,"column":128},"end":{"line":18,"column":147}},"line":18}},"branchMap":{},"s":{"0":1,"1":2,"2":2,"3":2,"4":2,"5":0},"f":{"0":2,"1":2,"2":0},"b":{},"_coverageSchema":"1a1c01bbd47fc00a2c39e90264f33305004495a9","hash":"cfbbc361f95617eb5cec26977fa81c4f5de215c1"}
,"C:\\Users\\stami\\Documents\\Job Stuff and Misc\\lt-products-for-sale\\src\\components\\Filter\\index.tsx": {"path":"C:\\Users\\stami\\Documents\\Job Stuff and Misc\\lt-products-for-sale\\src\\components\\Filter\\index.tsx","statementMap":{"0":{"start":{"line":6,"column":15},"end":{"line":34,"column":1}},"1":{"start":{"line":7,"column":21},"end":{"line":7,"column":41}},"2":{"start":{"line":9,"column":2},"end":{"line":33,"column":4}},"3":{"start":{"line":22,"column":55},"end":{"line":22,"column":84}},"4":{"start":{"line":25,"column":55},"end":{"line":25,"column":71}}},"fnMap":{"0":{"name":"(anonymous_0)","decl":{"start":{"line":6,"column":15},"end":{"line":6,"column":16}},"loc":{"start":{"line":6,"column":21},"end":{"line":34,"column":1}},"line":6},"1":{"name":"(anonymous_1)","decl":{"start":{"line":22,"column":24},"end":{"line":22,"column":25}},"loc":{"start":{"line":22,"column":55},"end":{"line":22,"column":84}},"line":22},"2":{"name":"(anonymous_2)","decl":{"start":{"line":25,"column":49},"end":{"line":25,"column":50}},"loc":{"start":{"line":25,"column":55},"end":{"line":25,"column":71}},"line":25}},"branchMap":{},"s":{"0":1,"1":2,"2":2,"3":0,"4":1},"f":{"0":2,"1":0,"2":1},"b":{},"_coverageSchema":"1a1c01bbd47fc00a2c39e90264f33305004495a9","hash":"b92b6a0636eaae307eccc1f1d0dd3cb5ec0ea0a7"}
,"C:\\Users\\stami\\Documents\\Job Stuff and Misc\\lt-products-for-sale\\src\\components\\Header\\index.tsx": {"path":"C:\\Users\\stami\\Documents\\Job Stuff and Misc\\lt-products-for-sale\\src\\components\\Header\\index.tsx","statementMap":{"0":{"start":{"line":6,"column":15},"end":{"line":34,"column":1}},"1":{"start":{"line":7,"column":21},"end":{"line":7,"column":41}},"2":{"start":{"line":9,"column":2},"end":{"line":33,"column":4}},"3":{"start":{"line":23,"column":14},"end":{"line":27,"column":23}},"4":{"start":{"line":23,"column":101},"end":{"line":23,"column":125}}},"fnMap":{"0":{"name":"(anonymous_0)","decl":{"start":{"line":6,"column":15},"end":{"line":6,"column":16}},"loc":{"start":{"line":6,"column":21},"end":{"line":34,"column":1}},"line":6},"1":{"name":"(anonymous_1)","decl":{"start":{"line":22,"column":28},"end":{"line":22,"column":29}},"loc":{"start":{"line":23,"column":14},"end":{"line":27,"column":23}},"line":23},"2":{"name":"(anonymous_2)","decl":{"start":{"line":23,"column":95},"end":{"line":23,"column":96}},"loc":{"start":{"line":23,"column":101},"end":{"line":23,"column":125}},"line":23}},"branchMap":{},"s":{"0":1,"1":1,"2":1,"3":2,"4":0},"f":{"0":1,"1":2,"2":0},"b":{},"_coverageSchema":"1a1c01bbd47fc00a2c39e90264f33305004495a9","hash":"f8b0f24161526d4f3d077743506072165babffce"}
,"C:\\Users\\stami\\Documents\\Job Stuff and Misc\\lt-products-for-sale\\src\\components\\ProductsPane\\ProductCard.tsx": {"path":"C:\\Users\\stami\\Documents\\Job Stuff and Misc\\lt-products-for-sale\\src\\components\\ProductsPane\\ProductCard.tsx","statementMap":{"0":{"start":{"line":9,"column":20},"end":{"line":40,"column":1}},"1":{"start":{"line":10,"column":2},"end":{"line":39,"column":3}}},"fnMap":{"0":{"name":"(anonymous_0)","decl":{"start":{"line":9,"column":20},"end":{"line":9,"column":21}},"loc":{"start":{"line":9,"column":56},"end":{"line":40,"column":1}},"line":9}},"branchMap":{},"s":{"0":1,"1":2},"f":{"0":2},"b":{},"_coverageSchema":"1a1c01bbd47fc00a2c39e90264f33305004495a9","hash":"355901b575f5e6a3e1b4eca14e9ed7b7c5b0e345"}
,"C:\\Users\\stami\\Documents\\Job Stuff and Misc\\lt-products-for-sale\\src\\components\\ProductsPane\\index.tsx": {"path":"C:\\Users\\stami\\Documents\\Job Stuff and Misc\\lt-products-for-sale\\src\\components\\ProductsPane\\index.tsx","statementMap":{"0":{"start":{"line":7,"column":21},"end":{"line":39,"column":1}},"1":{"start":{"line":8,"column":19},"end":{"line":8,"column":45}},"2":{"start":{"line":9,"column":28},"end":{"line":9,"column":55}},"3":{"start":{"line":11,"column":2},"end":{"line":38,"column":4}},"4":{"start":{"line":31,"column":12},"end":{"line":33,"column":19}}},"fnMap":{"0":{"name":"(anonymous_0)","decl":{"start":{"line":7,"column":21},"end":{"line":7,"column":22}},"loc":{"start":{"line":7,"column":27},"end":{"line":39,"column":1}},"line":7},"1":{"name":"(anonymous_1)","decl":{"start":{"line":30,"column":24},"end":{"line":30,"column":25}},"loc":{"start":{"line":31,"column":12},"end":{"line":33,"column":19}},"line":31}},"branchMap":{"0":{"loc":{"start":{"line":13,"column":7},"end":{"line":15,"column":7}},"type":"binary-expr","locations":[{"start":{"line":13,"column":7},"end":{"line":13,"column":24}},{"start":{"line":14,"column":8},"end":{"line":14,"column":65}}],"line":13},"1":{"loc":{"start":{"line":16,"column":7},"end":{"line":22,"column":7}},"type":"binary-expr","locations":[{"start":{"line":16,"column":7},"end":{"line":16,"column":25}},{"start":{"line":16,"column":29},"end":{"line":16,"column":50}},{"start":{"line":17,"column":8},"end":{"line":21,"column":15}}],"line":16},"2":{"loc":{"start":{"line":23,"column":7},"end":{"line":36,"column":7}},"type":"binary-expr","locations":[{"start":{"line":23,"column":7},"end":{"line":23,"column":25}},{"start":{"line":23,"column":29},"end":{"line":23,"column":50}},{"start":{"line":24,"column":8},"end":{"line":35,"column":15}}],"line":23}},"s":{"0":1,"1":2,"2":2,"3":2,"4":2},"f":{"0":2,"1":2},"b":{"0":[2,0],"1":[2,2,1],"2":[2,2,1]},"_coverageSchema":"1a1c01bbd47fc00a2c39e90264f33305004495a9","hash":"244bbe8b78fe0aa1ea2b17ccf8ef6631ee7acf09"}
,"C:\\Users\\stami\\Documents\\Job Stuff and Misc\\lt-products-for-sale\\src\\model\\Products\\index.ts": {"path":"C:\\Users\\stami\\Documents\\Job Stuff and Misc\\lt-products-for-sale\\src\\model\\Products\\index.ts","statementMap":{"0":{"start":{"line":8,"column":29},"end":{"line":8,"column":43}},"1":{"start":{"line":9,"column":23},"end":{"line":9,"column":35}},"2":{"start":{"line":11,"column":25},"end":{"line":11,"column":59}},"3":{"start":{"line":12,"column":33},"end":{"line":12,"column":67}},"4":{"start":{"line":13,"column":27},"end":{"line":13,"column":60}},"5":{"start":{"line":14,"column":23},"end":{"line":14,"column":56}},"6":{"start":{"line":15,"column":31},"end":{"line":15,"column":64}},"7":{"start":{"line":16,"column":33},"end":{"line":16,"column":67}},"8":{"start":{"line":17,"column":27},"end":{"line":17,"column":66}},"9":{"start":{"line":19,"column":30},"end":{"line":19,"column":59}},"10":{"start":{"line":20,"column":29},"end":{"line":20,"column":58}},"11":{"start":{"line":21,"column":30},"end":{"line":21,"column":57}},"12":{"start":{"line":22,"column":28},"end":{"line":22,"column":57}},"13":{"start":{"line":24,"column":32},"end":{"line":24,"column":71}},"14":{"start":{"line":25,"column":32},"end":{"line":25,"column":73}},"15":{"start":{"line":26,"column":34},"end":{"line":26,"column":91}},"16":{"start":{"line":27,"column":32},"end":{"line":27,"column":87}},"17":{"start":{"line":29,"column":34},"end":{"line":29,"column":86}}},"fnMap":{},"branchMap":{"0":{"loc":{"start":{"line":29,"column":34},"end":{"line":29,"column":86}},"type":"binary-expr","locations":[{"start":{"line":29,"column":34},"end":{"line":29,"column":58}},{"start":{"line":29,"column":62},"end":{"line":29,"column":86}}],"line":29}},"s":{"0":4,"1":4,"2":4,"3":4,"4":4,"5":4,"6":4,"7":4,"8":4,"9":4,"10":4,"11":4,"12":4,"13":4,"14":4,"15":4,"16":4,"17":4},"f":{},"b":{"0":[4,0]},"_coverageSchema":"1a1c01bbd47fc00a2c39e90264f33305004495a9","hash":"0de4c6091654c8959f36707b20b9e39d00fc715d"}
,"C:\\Users\\stami\\Documents\\Job Stuff and Misc\\lt-products-for-sale\\src\\model\\Products\\init.ts": {"path":"C:\\Users\\stami\\Documents\\Job Stuff and Misc\\lt-products-for-sale\\src\\model\\Products\\init.ts","statementMap":{"0":{"start":{"line":27,"column":0},"end":{"line":27,"column":34}},"1":{"start":{"line":28,"column":0},"end":{"line":28,"column":37}},"2":{"start":{"line":29,"column":0},"end":{"line":31,"column":2}},"3":{"start":{"line":30,"column":2},"end":{"line":30,"column":109}},"4":{"start":{"line":30,"column":37},"end":{"line":30,"column":106}},"5":{"start":{"line":32,"column":0},"end":{"line":34,"column":3}},"6":{"start":{"line":33,"column":2},"end":{"line":33,"column":145}},"7":{"start":{"line":33,"column":36},"end":{"line":33,"column":143}},"8":{"start":{"line":36,"column":0},"end":{"line":36,"column":61}},"9":{"start":{"line":36,"column":55},"end":{"line":36,"column":59}},"10":{"start":{"line":37,"column":0},"end":{"line":37,"column":152}},"11":{"start":{"line":37,"column":146},"end":{"line":37,"column":150}},"12":{"start":{"line":38,"column":0},"end":{"line":49,"column":3}},"13":{"start":{"line":39,"column":29},"end":{"line":39,"column":36}},"14":{"start":{"line":41,"column":2},"end":{"line":46,"column":7}},"15":{"start":{"line":42,"column":4},"end":{"line":46,"column":7}},"16":{"start":{"line":43,"column":21},"end":{"line":43,"column":55}},"17":{"start":{"line":44,"column":6},"end":{"line":45,"column":34}},"18":{"start":{"line":45,"column":8},"end":{"line":45,"column":34}},"19":{"start":{"line":48,"column":2},"end":{"line":48,"column":20}},"20":{"start":{"line":50,"column":0},"end":{"line":61,"column":3}},"21":{"start":{"line":51,"column":25},"end":{"line":51,"column":27}},"22":{"start":{"line":53,"column":2},"end":{"line":58,"column":5}},"23":{"start":{"line":54,"column":4},"end":{"line":58,"column":5}},"24":{"start":{"line":55,"column":6},"end":{"line":57,"column":7}},"25":{"start":{"line":56,"column":8},"end":{"line":56,"column":35}},"26":{"start":{"line":60,"column":2},"end":{"line":60,"column":16}},"27":{"start":{"line":63,"column":0},"end":{"line":74,"column":3}},"28":{"start":{"line":64,"column":25},"end":{"line":64,"column":27}},"29":{"start":{"line":66,"column":2},"end":{"line":71,"column":5}},"30":{"start":{"line":67,"column":4},"end":{"line":71,"column":5}},"31":{"start":{"line":68,"column":6},"end":{"line":70,"column":7}},"32":{"start":{"line":69,"column":8},"end":{"line":69,"column":35}},"33":{"start":{"line":73,"column":2},"end":{"line":73,"column":16}},"34":{"start":{"line":75,"column":0},"end":{"line":76,"column":83}},"35":{"start":{"line":76,"column":2},"end":{"line":76,"column":81}},"36":{"start":{"line":76,"column":47},"end":{"line":76,"column":61}},"37":{"start":{"line":78,"column":0},"end":{"line":78,"column":56}},"38":{"start":{"line":78,"column":50},"end":{"line":78,"column":54}},"39":{"start":{"line":79,"column":0},"end":{"line":79,"column":49}},"40":{"start":{"line":79,"column":43},"end":{"line":79,"column":47}},"41":{"start":{"line":81,"column":0},"end":{"line":84,"column":3}},"42":{"start":{"line":86,"column":0},"end":{"line":90,"column":3}},"43":{"start":{"line":92,"column":0},"end":{"line":100,"column":3}},"44":{"start":{"line":95,"column":31},"end":{"line":98,"column":3}},"45":{"start":{"line":102,"column":0},"end":{"line":111,"column":3}},"46":{"start":{"line":105,"column":49},"end":{"line":109,"column":3}}},"fnMap":{"0":{"name":"(anonymous_0)","decl":{"start":{"line":29,"column":23},"end":{"line":29,"column":24}},"loc":{"start":{"line":29,"column":73},"end":{"line":31,"column":1}},"line":29},"1":{"name":"(anonymous_1)","decl":{"start":{"line":30,"column":25},"end":{"line":30,"column":26}},"loc":{"start":{"line":30,"column":37},"end":{"line":30,"column":106}},"line":30},"2":{"name":"(anonymous_2)","decl":{"start":{"line":32,"column":21},"end":{"line":32,"column":22}},"loc":{"start":{"line":32,"column":77},"end":{"line":34,"column":1}},"line":32},"3":{"name":"(anonymous_3)","decl":{"start":{"line":33,"column":25},"end":{"line":33,"column":26}},"loc":{"start":{"line":33,"column":36},"end":{"line":33,"column":143}},"line":33},"4":{"name":"(anonymous_4)","decl":{"start":{"line":36,"column":42},"end":{"line":36,"column":43}},"loc":{"start":{"line":36,"column":55},"end":{"line":36,"column":59}},"line":36},"5":{"name":"(anonymous_5)","decl":{"start":{"line":37,"column":133},"end":{"line":37,"column":134}},"loc":{"start":{"line":37,"column":146},"end":{"line":37,"column":150}},"line":37},"6":{"name":"(anonymous_6)","decl":{"start":{"line":38,"column":42},"end":{"line":38,"column":43}},"loc":{"start":{"line":38,"column":55},"end":{"line":49,"column":1}},"line":38},"7":{"name":"(anonymous_7)","decl":{"start":{"line":42,"column":17},"end":{"line":42,"column":18}},"loc":{"start":{"line":42,"column":28},"end":{"line":46,"column":5}},"line":42},"8":{"name":"(anonymous_8)","decl":{"start":{"line":50,"column":96},"end":{"line":50,"column":97}},"loc":{"start":{"line":50,"column":109},"end":{"line":61,"column":1}},"line":50},"9":{"name":"(anonymous_9)","decl":{"start":{"line":54,"column":17},"end":{"line":54,"column":18}},"loc":{"start":{"line":54,"column":39},"end":{"line":58,"column":3}},"line":54},"10":{"name":"(anonymous_10)","decl":{"start":{"line":63,"column":104},"end":{"line":63,"column":105}},"loc":{"start":{"line":63,"column":117},"end":{"line":74,"column":1}},"line":63},"11":{"name":"(anonymous_11)","decl":{"start":{"line":67,"column":17},"end":{"line":67,"column":18}},"loc":{"start":{"line":67,"column":39},"end":{"line":71,"column":3}},"line":67},"12":{"name":"(anonymous_12)","decl":{"start":{"line":75,"column":33},"end":{"line":75,"column":34}},"loc":{"start":{"line":76,"column":2},"end":{"line":76,"column":81}},"line":76},"13":{"name":"(anonymous_13)","decl":{"start":{"line":76,"column":38},"end":{"line":76,"column":39}},"loc":{"start":{"line":76,"column":47},"end":{"line":76,"column":61}},"line":76},"14":{"name":"(anonymous_14)","decl":{"start":{"line":78,"column":37},"end":{"line":78,"column":38}},"loc":{"start":{"line":78,"column":50},"end":{"line":78,"column":54}},"line":78},"15":{"name":"(anonymous_15)","decl":{"start":{"line":79,"column":30},"end":{"line":79,"column":31}},"loc":{"start":{"line":79,"column":43},"end":{"line":79,"column":47}},"line":79},"16":{"name":"(anonymous_16)","decl":{"start":{"line":95,"column":6},"end":{"line":95,"column":7}},"loc":{"start":{"line":95,"column":31},"end":{"line":98,"column":3}},"line":95},"17":{"name":"(anonymous_17)","decl":{"start":{"line":105,"column":6},"end":{"line":105,"column":7}},"loc":{"start":{"line":105,"column":49},"end":{"line":109,"column":3}},"line":105}},"branchMap":{"0":{"loc":{"start":{"line":30,"column":37},"end":{"line":30,"column":106}},"type":"binary-expr","locations":[{"start":{"line":30,"column":37},"end":{"line":30,"column":84}},{"start":{"line":30,"column":88},"end":{"line":30,"column":106}}],"line":30},"1":{"loc":{"start":{"line":33,"column":36},"end":{"line":33,"column":143}},"type":"binary-expr","locations":[{"start":{"line":33,"column":37},"end":{"line":33,"column":84}},{"start":{"line":33,"column":88},"end":{"line":33,"column":106}},{"start":{"line":33,"column":112},"end":{"line":33,"column":142}}],"line":33},"2":{"loc":{"start":{"line":41,"column":2},"end":{"line":46,"column":7}},"type":"if","locations":[{"start":{"line":41,"column":2},"end":{"line":46,"column":7}},{"start":{},"end":{}}],"line":41},"3":{"loc":{"start":{"line":44,"column":6},"end":{"line":45,"column":34}},"type":"if","locations":[{"start":{"line":44,"column":6},"end":{"line":45,"column":34}},{"start":{},"end":{}}],"line":44},"4":{"loc":{"start":{"line":53,"column":2},"end":{"line":58,"column":5}},"type":"if","locations":[{"start":{"line":53,"column":2},"end":{"line":58,"column":5}},{"start":{},"end":{}}],"line":53},"5":{"loc":{"start":{"line":55,"column":6},"end":{"line":57,"column":7}},"type":"if","locations":[{"start":{"line":55,"column":6},"end":{"line":57,"column":7}},{"start":{},"end":{}}],"line":55},"6":{"loc":{"start":{"line":66,"column":2},"end":{"line":71,"column":5}},"type":"if","locations":[{"start":{"line":66,"column":2},"end":{"line":71,"column":5}},{"start":{},"end":{}}],"line":66},"7":{"loc":{"start":{"line":68,"column":6},"end":{"line":70,"column":7}},"type":"if","locations":[{"start":{"line":68,"column":6},"end":{"line":70,"column":7}},{"start":{},"end":{}}],"line":68},"8":{"loc":{"start":{"line":76,"column":2},"end":{"line":76,"column":81}},"type":"cond-expr","locations":[{"start":{"line":76,"column":25},"end":{"line":76,"column":62}},{"start":{"line":76,"column":65},"end":{"line":76,"column":81}}],"line":76}},"s":{"0":1,"1":1,"2":1,"3":1,"4":2,"5":1,"6":0,"7":0,"8":1,"9":2,"10":1,"11":5,"12":1,"13":2,"14":2,"15":1,"16":2,"17":2,"18":1,"19":2,"20":1,"21":5,"22":5,"23":3,"24":6,"25":3,"26":5,"27":1,"28":5,"29":5,"30":3,"31":6,"32":3,"33":5,"34":1,"35":0,"36":0,"37":1,"38":1,"39":1,"40":0,"41":1,"42":1,"43":1,"44":1,"45":1,"46":0},"f":{"0":1,"1":2,"2":0,"3":0,"4":2,"5":5,"6":2,"7":2,"8":5,"9":6,"10":5,"11":6,"12":0,"13":0,"14":1,"15":0,"16":1,"17":0},"b":{"0":[2,0],"1":[0,0,0],"2":[1,1],"3":[1,1],"4":[3,2],"5":[3,3],"6":[3,2],"7":[3,3],"8":[0,0]},"_coverageSchema":"1a1c01bbd47fc00a2c39e90264f33305004495a9","hash":"a8c8fe97c9aeded0441b2859256f5dde2f22b263"}
}
