TN:
SF:src\components\Filter\BrandCheckboxes.tsx
FN:6,(anonymous_0)
FN:14,(anonymous_1)
FN:18,(anonymous_2)
FNF:3
FNH:2
FNDA:2,(anonymous_0)
FNDA:2,(anonymous_1)
FNDA:0,(anonymous_2)
DA:6,1
DA:7,2
DA:8,2
DA:10,2
DA:15,2
DA:18,0
LF:6
LH:5
BRF:0
BRH:0
end_of_record
TN:
SF:src\components\Filter\index.tsx
FN:6,(anonymous_0)
FN:22,(anonymous_1)
FN:25,(anonymous_2)
FNF:3
FNH:2
FNDA:2,(anonymous_0)
FNDA:0,(anonymous_1)
FNDA:1,(anonymous_2)
DA:6,1
DA:7,2
DA:9,2
DA:22,0
DA:25,1
LF:5
LH:4
BRF:0
BRH:0
end_of_record
TN:
SF:src\components\Header\index.tsx
FN:6,(anonymous_0)
FN:22,(anonymous_1)
FN:23,(anonymous_2)
FNF:3
FNH:2
FNDA:1,(anonymous_0)
FNDA:2,(anonymous_1)
FNDA:0,(anonymous_2)
DA:6,1
DA:7,1
DA:9,1
DA:23,2
LF:4
LH:4
BRF:0
BRH:0
end_of_record
TN:
SF:src\components\ProductsPane\ProductCard.tsx
FN:9,(anonymous_0)
FNF:1
FNH:1
FNDA:2,(anonymous_0)
DA:9,1
DA:10,2
LF:2
LH:2
BRF:0
BRH:0
end_of_record
TN:
SF:src\components\ProductsPane\index.tsx
FN:7,(anonymous_0)
FN:30,(anonymous_1)
FNF:2
FNH:2
FNDA:2,(anonymous_0)
FNDA:2,(anonymous_1)
DA:7,1
DA:8,2
DA:9,2
DA:11,2
DA:31,2
LF:5
LH:5
BRDA:13,0,0,2
BRDA:13,0,1,0
BRDA:16,1,0,2
BRDA:16,1,1,2
BRDA:16,1,2,1
BRDA:23,2,0,2
BRDA:23,2,1,2
BRDA:23,2,2,1
BRF:8
BRH:7
end_of_record
TN:
SF:src\model\Products\index.ts
FNF:0
FNH:0
DA:8,4
DA:9,4
DA:11,4
DA:12,4
DA:13,4
DA:14,4
DA:15,4
DA:16,4
DA:17,4
DA:19,4
DA:20,4
DA:21,4
DA:22,4
DA:24,4
DA:25,4
DA:26,4
DA:27,4
DA:29,4
LF:18
LH:18
BRDA:29,0,0,4
BRDA:29,0,1,0
BRF:2
BRH:1
end_of_record
TN:
SF:src\model\Products\init.ts
FN:29,(anonymous_0)
FN:30,(anonymous_1)
FN:32,(anonymous_2)
FN:33,(anonymous_3)
FN:36,(anonymous_4)
FN:37,(anonymous_5)
FN:38,(anonymous_6)
FN:42,(anonymous_7)
FN:50,(anonymous_8)
FN:54,(anonymous_9)
FN:63,(anonymous_10)
FN:67,(anonymous_11)
FN:75,(anonymous_12)
FN:76,(anonymous_13)
FN:78,(anonymous_14)
FN:79,(anonymous_15)
FN:95,(anonymous_16)
FN:105,(anonymous_17)
FNF:18
FNH:12
FNDA:1,(anonymous_0)
FNDA:2,(anonymous_1)
FNDA:0,(anonymous_2)
FNDA:0,(anonymous_3)
FNDA:2,(anonymous_4)
FNDA:5,(anonymous_5)
FNDA:2,(anonymous_6)
FNDA:2,(anonymous_7)
FNDA:5,(anonymous_8)
FNDA:6,(anonymous_9)
FNDA:5,(anonymous_10)
FNDA:6,(anonymous_11)
FNDA:0,(anonymous_12)
FNDA:0,(anonymous_13)
FNDA:1,(anonymous_14)
FNDA:0,(anonymous_15)
FNDA:1,(anonymous_16)
FNDA:0,(anonymous_17)
DA:27,1
DA:28,1
DA:29,1
DA:30,2
DA:32,1
DA:33,0
DA:36,2
DA:37,5
DA:38,1
DA:39,2
DA:41,2
DA:42,1
DA:43,2
DA:44,2
DA:45,1
DA:48,2
DA:50,1
DA:51,5
DA:53,5
DA:54,3
DA:55,6
DA:56,3
DA:60,5
DA:63,1
DA:64,5
DA:66,5
DA:67,3
DA:68,6
DA:69,3
DA:73,5
DA:75,1
DA:76,0
DA:78,1
DA:79,1
DA:81,1
DA:86,1
DA:92,1
DA:95,1
DA:102,1
DA:105,0
LF:40
LH:37
BRDA:30,0,0,2
BRDA:30,0,1,0
BRDA:33,1,0,0
BRDA:33,1,1,0
BRDA:33,1,2,0
BRDA:41,2,0,1
BRDA:41,2,1,1
BRDA:44,3,0,1
BRDA:44,3,1,1
BRDA:53,4,0,3
BRDA:53,4,1,2
BRDA:55,5,0,3
BRDA:55,5,1,3
BRDA:66,6,0,3
BRDA:66,6,1,2
BRDA:68,7,0,3
BRDA:68,7,1,3
BRDA:76,8,0,0
BRDA:76,8,1,0
BRF:19
BRH:13
end_of_record
